2025-02-11 14:15:21,562 INFO:
Processing NE_TIME group: 2025-02-11 12:07:20

2025-02-11 14:15:21,577 INFO:
Due to the below alarms a logical cut has happened:
   Alarm IDs: LIN_20250211120719_1ff8d49831fe and LIN_20250211120719_fa70fd7056bc
   Endpoints: 10.128.17.53:13 <--> 10.128.17.31:14
   Connection Name: GADAMOR-KOHDIYA
   LR Ring: Ring no.01
   Physical Ring: BERLA_Blue
   Physical Segments: 114
   Block: BERLA
   District: BEMETARA
----------------------------------------

2025-02-11 14:15:21,582 INFO:
No isolated nodes after the cut.

2025-02-11 14:15:21,596 INFO:
The logical cuts does not cover all logical rings...cannot be a physical cut

2025-02-11 14:15:21,597 INFO:
Processing NE_TIME group: 2025-02-11 14:14:19

2025-02-11 14:15:21,607 INFO:
Due to the below alarms a logical cut has happened:
   Alarm IDs: LIN_20250211141419_818d3f5c8afd and LIN_20250211141419_86f1a673b831
   Endpoints: 10.128.17.88:14 <--> 10.128.0.16:13
   Connection Name: KUMHI-BERLA
   LR Ring: Ring no.01
   Physical Ring: BERLA_Blue
   Physical Segments: 127,128,129,130
   Block: Berla
   District: Bemetara
----------------------------------------

2025-02-11 14:15:21,658 INFO:
================================================================================
Isolated Nodes: {'KUMHI', 'DHABA', 'GUDHELI', 'KOHDIYA', 'BERLAKALA'}
Root Cause Alarms: LIN_20250211141419_818d3f5c8afd and LIN_20250211141419_86f1a673b831
Child Alarm IDs: DUMMY_71cae578-dd35-40c2-9dbe-9cac9681b8ea, DUMMY_0504ef13-70f7-433c-9d22-17ec6cf722d5, DUMMY_71a4a70b-c67a-4474-b5e7-0d43ad85fdf5, DUMMY_8478c46b-1e99-4ebf-927d-c118559f0311, DUMMY_457fef4f-99ed-48ca-8d7f-7dd281bb1cd3
Root Cause Connection: KUMHI-BERLA
Root Cause Mapping Key: LIN_20250211141419_818d3f5c8afd_LIN_20250211141419_86f1a673b831
================================================================================

2025-02-11 14:15:21,669 INFO:
The logical cuts does not cover all logical rings...cannot be a physical cut

2025-02-11 14:17:20,251 INFO:
Processing fixed alarms NE_TIME group: 2025-02-11 14:17:04

2025-02-11 14:17:20,254 INFO:
Restoring node KUMHI in the graph

2025-02-11 14:17:20,255 INFO:
Fixed node_not_reachable alarm for node KUMHI (Alarm ID: DUMMY_71cae578-dd35-40c2-9dbe-9cac9681b8ea)

2025-02-11 14:17:20,262 INFO:
Restored edge in graph: KUMHI <--> BERLA

2025-02-11 14:17:20,263 INFO:
================================================================================
FIXED LINK DOWN DETECTED
================================================================================
Alarm IDs: LIN_20250211141419_818d3f5c8afd and LIN_20250211141419_86f1a673b831
Root Cause Connections: KUMHI-BERLA
Originally Isolated Nodes: KUMHI, DHABA, GUDHELI, KOHDIYA, BERLAKALA

Connection Details:
   Endpoints: 10.128.17.88:14 <--> 10.128.0.16:13
   Connection Name: KUMHI-BERLA
   LR Ring: Ring no.01
   Physical Ring: BERLA_Blue
   Physical Segments: 127,128,129,130
   Block: Berla
   District: Bemetara
   Graph Status: Edge restored
================================================================================

2025-02-11 14:17:20,266 WARNING:
================================================================================
WARNING: INCOMPLETE RESTORATION
================================================================================
Root Cause Alarms (LIN_20250211141419_818d3f5c8afd_LIN_20250211141419_86f1a673b831) fixed but some alarms remain:

Fixed:
    Alarm IDs: DUMMY_71cae578-dd35-40c2-9dbe-9cac9681b8ea
    Nodes: KUMHI

Remaining:
    Alarm IDs: DUMMY_8478c46b-1e99-4ebf-927d-c118559f0311, DUMMY_71a4a70b-c67a-4474-b5e7-0d43ad85fdf5, DUMMY_0504ef13-70f7-433c-9d22-17ec6cf722d5, DUMMY_457fef4f-99ed-48ca-8d7f-7dd281bb1cd3
    Nodes: DHABA, GUDHELI, KOHDIYA, BERLAKALA
Note: Possible power failure for remaining nodes
================================================================================

